[2024-05-30T12:22:40.845] [ERROR] default - Error in creating book. BookValidationError: {"isNotEmpty":"title should not be empty"}, {"isNotEmpty":"description should not be empty"}, {"min":"price must not be less than 0"}, {"min":"orderId must not be less than 1"}, {"min":"available must not be less than 0"}, {"isIso8601":"datePublished must be a valid ISO 8601 date string"}
    at validate (C:\IT\JAVA\INTERN-FULL-STACK\bookshop-node\src\catalog\controllers\bookController.ts:72:11)
    at C:\IT\JAVA\INTERN-FULL-STACK\bookshop-node\src\catalog\controllers\bookController.ts:57:5
    at Generator.next (<anonymous>)
    at fulfilled (C:\IT\JAVA\INTERN-FULL-STACK\bookshop-node\src\catalog\controllers\bookController.ts:11:58)
    at processTicksAndRejections (node:internal/process/task_queues:95:5)
[2024-05-30T12:23:01.510] [ERROR] default - Error in creating book. BookValidationError: {"isIso8601":"datePublished must be a valid ISO 8601 date string"}
    at validate (C:\IT\JAVA\INTERN-FULL-STACK\bookshop-node\src\catalog\controllers\bookController.ts:72:11)
    at C:\IT\JAVA\INTERN-FULL-STACK\bookshop-node\src\catalog\controllers\bookController.ts:57:5
    at Generator.next (<anonymous>)
    at fulfilled (C:\IT\JAVA\INTERN-FULL-STACK\bookshop-node\src\catalog\controllers\bookController.ts:11:58)
    at processTicksAndRejections (node:internal/process/task_queues:95:5)
[2024-05-30T12:23:08.695] [ERROR] default - Error occurred while connecting... TypeError: Failed to parse URL from undefined/1
    at Object.fetch (node:internal/deps/undici/undici:11576:11)
    at processTicksAndRejections (node:internal/process/task_queues:95:5) {
  [cause]: TypeError [ERR_INVALID_URL]: Invalid URL
      at new NodeError (node:internal/errors:405:5)
      at new URL (node:internal/url:611:13)
      at new Request (node:internal/deps/undici/undici:7132:25)
      at fetch2 (node:internal/deps/undici/undici:10715:25)
      at Object.fetch (node:internal/deps/undici/undici:11574:18)
      at fetch (node:internal/process/pre_execution:229:25)
      at C:\IT\JAVA\INTERN-FULL-STACK\bookshop-node\src\catalog\client\httpClient.ts:20:16
      at Generator.next (<anonymous>)
      at C:\IT\JAVA\INTERN-FULL-STACK\bookshop-node\src\catalog\client\httpClient.ts:8:71
      at new Promise (<anonymous>) {
    input: 'undefined/1',
    code: 'ERR_INVALID_URL'
  }
}
[2024-05-30T12:23:08.701] [ERROR] default - Error in creating book. HttpClientError: TypeError: Failed to parse URL from undefined/1
    at C:\IT\JAVA\INTERN-FULL-STACK\bookshop-node\src\catalog\client\httpClient.ts:28:13
    at processTicksAndRejections (node:internal/process/task_queues:95:5)
[2024-05-30T12:24:58.186] [ERROR] default - Error occurred while connecting... TypeError: Failed to parse URL from undefined/1
    at Object.fetch (node:internal/deps/undici/undici:11576:11)
    at processTicksAndRejections (node:internal/process/task_queues:95:5) {
  [cause]: TypeError [ERR_INVALID_URL]: Invalid URL
      at new NodeError (node:internal/errors:405:5)
      at new URL (node:internal/url:611:13)
      at new Request (node:internal/deps/undici/undici:7132:25)
      at fetch2 (node:internal/deps/undici/undici:10715:25)
      at Object.fetch (node:internal/deps/undici/undici:11574:18)
      at fetch (node:internal/process/pre_execution:229:25)
      at C:\IT\JAVA\INTERN-FULL-STACK\bookshop-node\src\catalog\client\httpClient.ts:20:16
      at Generator.next (<anonymous>)
      at C:\IT\JAVA\INTERN-FULL-STACK\bookshop-node\src\catalog\client\httpClient.ts:8:71
      at new Promise (<anonymous>) {
    input: 'undefined/1',
    code: 'ERR_INVALID_URL'
  }
}
[2024-05-30T12:24:58.192] [ERROR] default - Error in creating book. HttpClientError: TypeError: Failed to parse URL from undefined/1
    at C:\IT\JAVA\INTERN-FULL-STACK\bookshop-node\src\catalog\client\httpClient.ts:28:13
    at processTicksAndRejections (node:internal/process/task_queues:95:5)
[2024-05-30T12:25:19.478] [ERROR] default - Timeout occurred while connecting... DOMException [TimeoutError]: The operation was aborted due to timeout
    at Object.fetch (node:internal/deps/undici/undici:11576:11)
    at processTicksAndRejections (node:internal/process/task_queues:95:5)
[2024-05-30T12:25:19.483] [ERROR] default - Error in creating book. HttpClientTimeoutError: TimeoutError: The operation was aborted due to timeout
    at C:\IT\JAVA\INTERN-FULL-STACK\bookshop-node\src\catalog\client\httpClient.ts:25:15
    at processTicksAndRejections (node:internal/process/task_queues:95:5)
[2024-05-30T12:25:29.735] [ERROR] default - Timeout occurred while connecting... DOMException [TimeoutError]: The operation was aborted due to timeout
    at Object.fetch (node:internal/deps/undici/undici:11576:11)
    at processTicksAndRejections (node:internal/process/task_queues:95:5)
[2024-05-30T12:25:29.736] [ERROR] default - Error in creating book. HttpClientTimeoutError: TimeoutError: The operation was aborted due to timeout
    at C:\IT\JAVA\INTERN-FULL-STACK\bookshop-node\src\catalog\client\httpClient.ts:25:15
    at processTicksAndRejections (node:internal/process/task_queues:95:5)
[2024-05-30T12:25:47.240] [ERROR] default - Error occurred while connecting... TypeError: fetch failed
    at Object.fetch (node:internal/deps/undici/undici:11576:11)
    at processTicksAndRejections (node:internal/process/task_queues:95:5) {
  cause: Error: connect ECONNREFUSED ::1:8080
      at TCPConnectWrap.afterConnect [as oncomplete] (node:net:1495:16) {
    errno: -4078,
    code: 'ECONNREFUSED',
    syscall: 'connect',
    address: '::1',
    port: 8080
  }
}
[2024-05-30T12:25:47.243] [ERROR] default - Error in creating book. HttpClientError: TypeError: fetch failed
    at C:\IT\JAVA\INTERN-FULL-STACK\bookshop-node\src\catalog\client\httpClient.ts:28:13
    at processTicksAndRejections (node:internal/process/task_queues:95:5)
[2024-05-30T12:26:32.773] [ERROR] default - Timeout occurred while connecting... DOMException [TimeoutError]: The operation was aborted due to timeout
    at Object.fetch (node:internal/deps/undici/undici:11576:11)
    at processTicksAndRejections (node:internal/process/task_queues:95:5)
[2024-05-30T12:26:32.773] [ERROR] default - Error in creating book. HttpClientTimeoutError: TimeoutError: The operation was aborted due to timeout
    at C:\IT\JAVA\INTERN-FULL-STACK\bookshop-node\src\catalog\client\httpClient.ts:25:15
    at processTicksAndRejections (node:internal/process/task_queues:95:5)
